<?xml version="1.0" encoding="UTF-8"?>
<!-- Generated by org.testng.reporters.JUnitReportReporter -->
<testsuite hostname="Simran" failures="0" tests="5" name="testcases.dataDrivenTestCase" time="11.741" errors="0" timestamp="2025-07-10T09:06:50 IST" skipped="0">
  <testcase classname="testcases.dataDrivenTestCase" name="addNewProduct" time="0.800"/>
  <system-out/>
  <testcase classname="testcases.dataDrivenTestCase" name="addNewProduct" time="0.810"/>
  <system-out/>
  <testcase classname="testcases.dataDrivenTestCase" name="addNewProduct" time="1.113"/>
  <system-out/>
  <testcase classname="testcases.dataDrivenTestCase" name="addNewProduct" time="0.794"/>
  <system-out/>
  <testcase classname="testcases.dataDrivenTestCase" name="addNewProduct" time="8.224"/>
  <system-out/>
</testsuite> <!-- testcases.dataDrivenTestCase -->
