<?xml version="1.0" encoding="UTF-8"?>
<!-- Generated by org.testng.reporters.JUnitReportReporter -->
<testsuite hostname="Simran" failures="0" tests="7" name="testcases.productTestCases" time="17.773" errors="0" timestamp="2025-07-19T10:32:37 IST" skipped="0">
  <testcase classname="testcases.productTestCases" name="deleteProduct" time="1.361"/>
  <system-out/>
  <testcase classname="testcases.productTestCases" name="sortedProduct" time="1.082"/>
  <system-out/>
  <testcase classname="testcases.productTestCases" name="getSingleProduct" time="0.781"/>
  <system-out/>
  <testcase classname="testcases.productTestCases" name="getAllProducts" time="2.051"/>
  <system-out/>
  <testcase classname="testcases.productTestCases" name="addNewProduct" time="0.440"/>
  <system-out/>
  <testcase classname="testcases.productTestCases" name="getLimitedProducts" time="0.686"/>
  <system-out/>
  <testcase classname="testcases.productTestCases" name="UpdateProduct" time="11.372"/>
  <system-out/>
</testsuite> <!-- testcases.productTestCases -->
