<?xml version="1.0" encoding="UTF-8"?>
<!-- Generated by org.testng.reporters.JUnitReportReporter -->
<testsuite hostname="Simran" failures="0" tests="7" name="testcases.productTestCases" time="12.538" errors="0" timestamp="2025-07-10T08:25:13 IST" skipped="0">
  <testcase classname="testcases.productTestCases" name="deleteProduct" time="0.804"/>
  <system-out/>
  <testcase classname="testcases.productTestCases" name="getSingleProduct" time="0.850"/>
  <system-out/>
  <testcase classname="testcases.productTestCases" name="UpdateProduct" time="7.935"/>
  <system-out/>
  <testcase classname="testcases.productTestCases" name="getLimitedProducts" time="0.753"/>
  <system-out/>
  <testcase classname="testcases.productTestCases" name="addNewProduct" time="0.852"/>
  <system-out/>
  <testcase classname="testcases.productTestCases" name="sortedProduct" time="1.014"/>
  <system-out/>
  <testcase classname="testcases.productTestCases" name="getAllProducts" time="0.330"/>
  <system-out/>
</testsuite> <!-- testcases.productTestCases -->
